<?xml version="1.0"?>
<!DOCTYPE coverage SYSTEM "http://cobertura.sourceforge.net/xml/coverage-04.dtd">
<coverage 
line-rate="0.33" lines-valid="6" lines-covered="2" branches-valid="0" branches-covered="0" branch-rate="1.00" complexity="0" version="1.0" timestamp="1620679270255">
    <sources>
        <source>--source</source>
        <source>/home/wadek/CodecovScala/src/main/scala</source>
    </sources>
    <packages>
        <package name="org.example" line-rate="0.33" branch-rate="1.00" complexity="0">
            <classes>
                <class 
                name="org.example.Greetings" filename="org/example/Greetings.scala" line-rate="0.33" branch-rate="1.00" complexity="0">
                    <methods>
                        <method name="org.example/Greetings/main" signature="()V" line-rate="0.00" branch-rate="0.00" complexity="0">
                            <lines>
                                <line number="7" hits="0" branch="false"/>
                                <line number="9" hits="0" branch="false"/>
                                <line number="6" hits="0" branch="false"/>
                                <line number="9" hits="0" branch="false"/>
                            </lines>
                        </method>
                        <method name="org.example/Greetings/printGreeting" signature="()V" line-rate="1.00" branch-rate="1.00" complexity="0">
                            <lines>
                                <line number="13" hits="1" branch="false"/>
                            </lines>
                        </method>
                        <method name="org.example/Greetings/addSomeNumbers" signature="()V" line-rate="1.00" branch-rate="1.00" complexity="0">
                            <lines>
                                <line number="16" hits="1" branch="false"/>
                            </lines>
                        </method>
                    </methods>
                    <lines>
                        <line number="7" hits="0" branch="false"/>
                        <line number="13" hits="1" branch="false"/>
                        <line number="9" hits="0" branch="false"/>
                        <line number="6" hits="0" branch="false"/>
                        <line number="9" hits="0" branch="false"/>
                        <line number="16" hits="1" branch="false"/>
                    </lines>
</class>
            </classes>
        </package>
    </packages>
</coverage>
